Preconditions initiated....
 End of Preconditions ....
User click on Login Page....
User successfully landinig in Login page....
User enters valid login credentials....
User entered login credentials in page....
User click on submit button....
Valid user login verification starts....
Valid user login verification End....
Searching for item starts....
After entering text for item click on submit....
Selection of ietem starts....
Selection of ietem End....
Adding ietem to the cart starts....
Adding ietem to the cart End....
Click on cart start....
Click on cart End....
Verification of ietms in cart start....
Verification of ietms in cart End....
Verification of ietms quantity in cart start....
Verification of ietms quantity in cart End....
Click on procced to buy start....
Click on procced to buy end....
Address verification is start....
Address verification is end....
Click on payment method is start....
Click on payment method is end....
Adding payment details is start....
Adding payment details is end....
click on continue button is start....
click on continue button is end....
